
Showing logs for build [32mcheesydev-labs-environment-jenk-qwkrm-1[0m stage [32mfrom-build-pack[0m and container [32mstep-credential-initializer-fktkd[0m
{"level":"warn","ts":1574858608.4463232,"logger":"fallback-logger","caller":"logging/config.go:69","msg":"Fetch GitHub commit ID from kodata failed: \"ref: refs/heads/master\" is not a valid GitHub commit ID"}
{"level":"info","ts":1574858608.446827,"logger":"fallback-logger","caller":"creds-init/main.go:40","msg":"Credentials initialized."}

Showing logs for build [32mcheesydev-labs-environment-jenk-qwkrm-1[0m stage [32mfrom-build-pack[0m and container [32mstep-working-dir-initializer-g2zz2[0m
{"level":"warn","ts":1574858609.8742373,"logger":"fallback-logger","caller":"logging/config.go:69","msg":"Fetch GitHub commit ID from kodata failed: open /var/run/ko/HEAD: no such file or directory"}
{"level":"info","ts":1574858609.876514,"logger":"fallback-logger","caller":"bash/main.go:65","msg":"Successfully executed command \"mkdir -p /workspace/source\""}

Showing logs for build [32mcheesydev-labs-environment-jenk-qwkrm-1[0m stage [32mfrom-build-pack[0m and container [32mstep-place-tools[0m

Showing logs for build [32mcheesydev-labs-environment-jenk-qwkrm-1[0m stage [32mfrom-build-pack[0m and container [32mstep-git-source-cheesydev-labs-environment-jenk-f8pv6[0m
{"level":"warn","ts":1574858613.9296267,"logger":"fallback-logger","caller":"logging/config.go:69","msg":"Fetch GitHub commit ID from kodata failed: \"ref: refs/heads/master\" is not a valid GitHub commit ID"}
{"level":"info","ts":1574858614.2426445,"logger":"fallback-logger","caller":"git/git.go:102","msg":"Successfully cloned https://github.com/cheesydev-labs/environment-jenkinsx-production.git @ master in path /workspace/source"}

Showing logs for build [32mcheesydev-labs-environment-jenk-qwkrm-1[0m stage [32mfrom-build-pack[0m and container [32mstep-git-merge[0m
Using SHAs from PULL_REFS=master:1ea956dd6e423377dd12be2c99525c5c1bce5d02,2:23fc13b11a3f2f1dcfb57d250148d5845fc82ce5
DEBUG: ran git fetch --unshallow origin 23fc13b11a3f2f1dcfb57d250148d5845fc82ce5: 1ea956dd6e423377dd12be2c99525c5c1bce5d02: in 
DEBUG: ran git checkout master in 
DEBUG: ran git reset --hard 1ea956dd6e423377dd12be2c99525c5c1bce5d02 in 
DEBUG: ran clean --force -d . in 
DEBUG: ran git merge 23fc13b11a3f2f1dcfb57d250148d5845fc82ce5 in 
Merged SHA 23fc13b11a3f2f1dcfb57d250148d5845fc82ce5 with commit message 'Promote app to 0.0.4' into base branch master

Showing logs for build [32mcheesydev-labs-environment-jenk-qwkrm-1[0m stage [32mfrom-build-pack[0m and container [32mstep-build-helm-build[0m
WARNING: No $CHART_REPOSITORY defined so using the default value of: http://jenkins-x-chartmuseum:8080
Adding missing Helm repo: storage.googleapis.com https://storage.googleapis.com/chartmuseum.jenkins-x.io
Successfully added Helm repository storage.googleapis.com.
Adding missing Helm repo: jenkins-x-chartmuseum http://jenkins-x-chartmuseum:8080
Successfully added Helm repository jenkins-x-chartmuseum.
WARNING: No $CHART_REPOSITORY defined so using the default value of: http://jenkins-x-chartmuseum:8080
Adding missing Helm repo: chartmuseum.jenkins-x.io http://chartmuseum.jenkins-x.io
Successfully added Helm repository chartmuseum.jenkins-x.io.
