
Showing logs for build [32mcheesydev-labs-environment-jenk-ljch7-1[0m stage [32mfrom-build-pack[0m and container [32mstep-credential-initializer-dqcnf[0m
{"level":"warn","ts":1574866319.9680474,"logger":"fallback-logger","caller":"logging/config.go:69","msg":"Fetch GitHub commit ID from kodata failed: \"ref: refs/heads/master\" is not a valid GitHub commit ID"}
{"level":"info","ts":1574866319.972103,"logger":"fallback-logger","caller":"creds-init/main.go:40","msg":"Credentials initialized."}

Showing logs for build [32mcheesydev-labs-environment-jenk-ljch7-1[0m stage [32mfrom-build-pack[0m and container [32mstep-working-dir-initializer-llqnw[0m
{"level":"warn","ts":1574866321.3440433,"logger":"fallback-logger","caller":"logging/config.go:69","msg":"Fetch GitHub commit ID from kodata failed: open /var/run/ko/HEAD: no such file or directory"}
{"level":"info","ts":1574866321.3465092,"logger":"fallback-logger","caller":"bash/main.go:65","msg":"Successfully executed command \"mkdir -p /workspace/source\""}

Showing logs for build [32mcheesydev-labs-environment-jenk-ljch7-1[0m stage [32mfrom-build-pack[0m and container [32mstep-place-tools[0m

Showing logs for build [32mcheesydev-labs-environment-jenk-ljch7-1[0m stage [32mfrom-build-pack[0m and container [32mstep-git-source-cheesydev-labs-environment-jenk-52m6x[0m
{"level":"warn","ts":1574866327.4247956,"logger":"fallback-logger","caller":"logging/config.go:69","msg":"Fetch GitHub commit ID from kodata failed: \"ref: refs/heads/master\" is not a valid GitHub commit ID"}
{"level":"info","ts":1574866327.7831826,"logger":"fallback-logger","caller":"git/git.go:102","msg":"Successfully cloned https://github.com/cheesydev-labs/environment-jenkinsx-production.git @ master in path /workspace/source"}

Showing logs for build [32mcheesydev-labs-environment-jenk-ljch7-1[0m stage [32mfrom-build-pack[0m and container [32mstep-git-merge[0m
Using SHAs from PULL_REFS=master:1ea956dd6e423377dd12be2c99525c5c1bce5d02,3:e490738b98b46ad172ab9db52ccffef2c7c59746
DEBUG: ran git fetch --unshallow origin e490738b98b46ad172ab9db52ccffef2c7c59746: 1ea956dd6e423377dd12be2c99525c5c1bce5d02: in 
DEBUG: ran git checkout master in 
DEBUG: ran git reset --hard 1ea956dd6e423377dd12be2c99525c5c1bce5d02 in 
DEBUG: ran clean --force -d . in 
DEBUG: ran git merge e490738b98b46ad172ab9db52ccffef2c7c59746 in 
Merged SHA e490738b98b46ad172ab9db52ccffef2c7c59746 with commit message 'chore: Promote jenkinsx-app-quickstart2 to version 0.0.4' into base branch master

Showing logs for build [32mcheesydev-labs-environment-jenk-ljch7-1[0m stage [32mfrom-build-pack[0m and container [32mstep-build-helm-build[0m
WARNING: No $CHART_REPOSITORY defined so using the default value of: http://jenkins-x-chartmuseum:8080
Adding missing Helm repo: storage.googleapis.com https://storage.googleapis.com/chartmuseum.jenkins-x.io
Successfully added Helm repository storage.googleapis.com.
Adding missing Helm repo: jenkins-x-chartmuseum http://jenkins-x-chartmuseum:8080
Successfully added Helm repository jenkins-x-chartmuseum.
WARNING: No $CHART_REPOSITORY defined so using the default value of: http://jenkins-x-chartmuseum:8080
Adding missing Helm repo: chartmuseum.jenkins-x.io http://chartmuseum.jenkins-x.io
Successfully added Helm repository chartmuseum.jenkins-x.io.
